{"level":"info","message":"entorno de produccion"}
{"level":"info","message":"Conectando a la base de datos en ->  mongodb+srv://coderUser:123abc123@cluster0.raqdy9j.mongodb.net/ecommerce - 6:29:17 PM"}
{"level":"info","message":"escuchando en puerto -> 8080 - 6:29:17 PM"}
{"level":"info","message":"GET en /api/products/ - 6:29:21 PM"}
{"level":"info","message":"usuario autenticado - 6:29:21 PM"}
{"level":"info","message":"GET en /api/logout - 6:29:34 PM"}
{"level":"info","message":"GET en /api/ - 6:29:34 PM"}
{"level":"info","message":"GET en /api/login/ - 6:29:35 PM"}
{"level":"info","message":"POST en /api/login/ - 6:30:02 PM"}
{"level":"info","message":"GET en /api/products/ - 6:30:03 PM"}
{"level":"info","message":"usuario autenticado - 6:30:03 PM"}
{"level":"info","message":"GET en /api/logout - 6:30:15 PM"}
{"level":"info","message":"GET en /api/ - 6:30:15 PM"}
{"level":"info","message":"GET en /api/login/ - 6:30:15 PM"}
{"level":"info","message":"POST en /api/login/ - 6:30:20 PM"}
{"level":"info","message":"GET en /api/products/ - 6:30:21 PM"}
{"level":"info","message":"usuario autenticado - 6:30:21 PM"}
{"level":"info","message":"POST en /api/user/premium - 6:30:23 PM"}
{"level":"info","message":"GET en /api/logout - 6:30:25 PM"}
{"level":"info","message":"GET en /api/ - 6:30:26 PM"}
{"level":"info","message":"GET en /api/login/ - 6:30:26 PM"}
{"level":"info","message":"POST en /api/login/ - 6:30:30 PM"}
{"level":"info","message":"GET en /api/products/ - 6:30:31 PM"}
{"level":"info","message":"usuario autenticado - 6:30:31 PM"}
